[localhost-startStop-1] 1225 2016-07-05 20:29:33,262 {com.opensymphony.xwork2.util.logging.commons.CommonsLogger.error(CommonsLogger.java:38)}:
    ERROR: com.opensymphony.xwork2.conversion.impl.DefaultConversionPropertiesProcessor  - Conversion registration error
java.lang.ClassNotFoundException: sso.struts2.converter.DateConverter
	at org.apache.catalina.loader.WebappClassLoaderBase.loadClass(WebappClassLoaderBase.java:1333)
	at org.apache.catalina.loader.WebappClassLoaderBase.loadClass(WebappClassLoaderBase.java:1167)
	at com.opensymphony.xwork2.util.ClassLoaderUtil.loadClass(ClassLoaderUtil.java:152)
	at com.opensymphony.xwork2.ObjectFactory.getClassInstance(ObjectFactory.java:128)
	at com.opensymphony.xwork2.ObjectFactory.buildBean(ObjectFactory.java:181)
	at com.opensymphony.xwork2.ObjectFactory.buildBean(ObjectFactory.java:171)
	at com.opensymphony.xwork2.conversion.impl.DefaultTypeConverterCreator.createTypeConverter(DefaultTypeConverterCreator.java:23)
	at com.opensymphony.xwork2.conversion.impl.DefaultConversionPropertiesProcessor.loadConversionProperties(DefaultConversionPropertiesProcessor.java:64)
	at com.opensymphony.xwork2.conversion.impl.DefaultConversionPropertiesProcessor.process(DefaultConversionPropertiesProcessor.java:40)
	at com.opensymphony.xwork2.conversion.impl.XWorkConverter.setConversionPropertiesProcessor(XWorkConverter.java:179)
	at sun.reflect.NativeMethodAccessorImpl.invoke0(Native Method)
	at sun.reflect.NativeMethodAccessorImpl.invoke(Unknown Source)
	at sun.reflect.DelegatingMethodAccessorImpl.invoke(Unknown Source)
	at java.lang.reflect.Method.invoke(Unknown Source)
	at com.opensymphony.xwork2.inject.ContainerImpl$MethodInjector.inject(ContainerImpl.java:299)
	at com.opensymphony.xwork2.inject.ContainerImpl$ConstructorInjector.construct(ContainerImpl.java:438)
	at com.opensymphony.xwork2.inject.ContainerBuilder$5.create(ContainerBuilder.java:207)
	at com.opensymphony.xwork2.inject.Scope$2$1.create(Scope.java:51)
	at com.opensymphony.xwork2.inject.ContainerImpl$ParameterInjector.inject(ContainerImpl.java:469)
	at com.opensymphony.xwork2.inject.ContainerImpl.getParameters(ContainerImpl.java:484)
	at com.opensymphony.xwork2.inject.ContainerImpl.access$000(ContainerImpl.java:34)
	at com.opensymphony.xwork2.inject.ContainerImpl$MethodInjector.inject(ContainerImpl.java:299)
	at com.opensymphony.xwork2.inject.ContainerImpl$ConstructorInjector.construct(ContainerImpl.java:438)
	at com.opensymphony.xwork2.inject.ContainerBuilder$5.create(ContainerBuilder.java:207)
	at com.opensymphony.xwork2.inject.Scope$2$1.create(Scope.java:51)
	at com.opensymphony.xwork2.inject.ContainerImpl$ParameterInjector.inject(ContainerImpl.java:469)
	at com.opensymphony.xwork2.inject.ContainerImpl.getParameters(ContainerImpl.java:484)
	at com.opensymphony.xwork2.inject.ContainerImpl.access$000(ContainerImpl.java:34)
	at com.opensymphony.xwork2.inject.ContainerImpl$MethodInjector.inject(ContainerImpl.java:299)
	at com.opensymphony.xwork2.inject.ContainerImpl$ConstructorInjector.construct(ContainerImpl.java:438)
	at com.opensymphony.xwork2.inject.ContainerBuilder$5.create(ContainerBuilder.java:207)
	at com.opensymphony.xwork2.inject.Scope$2$1.create(Scope.java:51)
	at com.opensymphony.xwork2.inject.ContainerImpl$ParameterInjector.inject(ContainerImpl.java:469)
	at com.opensymphony.xwork2.inject.ContainerImpl.getParameters(ContainerImpl.java:484)
	at com.opensymphony.xwork2.inject.ContainerImpl.access$000(ContainerImpl.java:34)
	at com.opensymphony.xwork2.inject.ContainerImpl$MethodInjector.inject(ContainerImpl.java:299)
	at com.opensymphony.xwork2.inject.ContainerImpl$ConstructorInjector.construct(ContainerImpl.java:438)
	at com.opensymphony.xwork2.inject.ContainerBuilder$5.create(ContainerBuilder.java:207)
	at com.opensymphony.xwork2.inject.Scope$2$1.create(Scope.java:51)
	at com.opensymphony.xwork2.inject.ContainerImpl$ParameterInjector.inject(ContainerImpl.java:469)
	at com.opensymphony.xwork2.inject.ContainerImpl.getParameters(ContainerImpl.java:484)
	at com.opensymphony.xwork2.inject.ContainerImpl.access$000(ContainerImpl.java:34)
	at com.opensymphony.xwork2.inject.ContainerImpl$MethodInjector.inject(ContainerImpl.java:299)
	at com.opensymphony.xwork2.inject.ContainerImpl$ConstructorInjector.construct(ContainerImpl.java:438)
	at com.opensymphony.xwork2.inject.ContainerBuilder$5.create(ContainerBuilder.java:207)
	at com.opensymphony.xwork2.inject.Scope$2$1.create(Scope.java:51)
	at com.opensymphony.xwork2.inject.ContainerBuilder$3.create(ContainerBuilder.java:93)
	at com.opensymphony.xwork2.inject.ContainerBuilder$7.call(ContainerBuilder.java:487)
	at com.opensymphony.xwork2.inject.ContainerBuilder$7.call(ContainerBuilder.java:484)
	at com.opensymphony.xwork2.inject.ContainerImpl.callInContext(ContainerImpl.java:584)
	at com.opensymphony.xwork2.inject.ContainerBuilder.create(ContainerBuilder.java:484)
	at com.opensymphony.xwork2.config.impl.DefaultConfiguration.createBootstrapContainer(DefaultConfiguration.java:340)
	at com.opensymphony.xwork2.config.impl.DefaultConfiguration.reloadContainer(DefaultConfiguration.java:229)
	at com.opensymphony.xwork2.config.ConfigurationManager.getConfiguration(ConfigurationManager.java:67)
	at org.apache.struts2.dispatcher.Dispatcher.init_PreloadConfiguration(Dispatcher.java:445)
	at org.apache.struts2.dispatcher.Dispatcher.init(Dispatcher.java:489)
	at org.apache.struts2.dispatcher.ng.InitOperations.initDispatcher(InitOperations.java:74)
	at org.apache.struts2.dispatcher.ng.filter.StrutsPrepareAndExecuteFilter.init(StrutsPrepareAndExecuteFilter.java:57)
	at org.apache.catalina.core.ApplicationFilterConfig.initFilter(ApplicationFilterConfig.java:279)
	at org.apache.catalina.core.ApplicationFilterConfig.getFilter(ApplicationFilterConfig.java:260)
	at org.apache.catalina.core.ApplicationFilterConfig.<init>(ApplicationFilterConfig.java:105)
	at org.apache.catalina.core.StandardContext.filterStart(StandardContext.java:4583)
	at org.apache.catalina.core.StandardContext.startInternal(StandardContext.java:5207)
	at org.apache.catalina.util.LifecycleBase.start(LifecycleBase.java:150)
	at org.apache.catalina.core.ContainerBase$StartChild.call(ContainerBase.java:1408)
	at org.apache.catalina.core.ContainerBase$StartChild.call(ContainerBase.java:1398)
	at java.util.concurrent.FutureTask.run(Unknown Source)
	at java.util.concurrent.ThreadPoolExecutor.runWorker(Unknown Source)
	at java.util.concurrent.ThreadPoolExecutor$Worker.run(Unknown Source)
	at java.lang.Thread.run(Unknown Source)
[localhost-startStop-1] 1236 2016-07-05 20:29:33,273 {com.opensymphony.xwork2.util.logging.commons.CommonsLogger.error(CommonsLogger.java:38)}:
    ERROR: com.opensymphony.xwork2.conversion.impl.DefaultConversionPropertiesProcessor  - Conversion registration error
java.lang.ClassNotFoundException: sso.struts2.converter.IntConvert
	at org.apache.catalina.loader.WebappClassLoaderBase.loadClass(WebappClassLoaderBase.java:1333)
	at org.apache.catalina.loader.WebappClassLoaderBase.loadClass(WebappClassLoaderBase.java:1167)
	at com.opensymphony.xwork2.util.ClassLoaderUtil.loadClass(ClassLoaderUtil.java:152)
	at com.opensymphony.xwork2.ObjectFactory.getClassInstance(ObjectFactory.java:128)
	at com.opensymphony.xwork2.ObjectFactory.buildBean(ObjectFactory.java:181)
	at com.opensymphony.xwork2.ObjectFactory.buildBean(ObjectFactory.java:171)
	at com.opensymphony.xwork2.conversion.impl.DefaultTypeConverterCreator.createTypeConverter(DefaultTypeConverterCreator.java:23)
	at com.opensymphony.xwork2.conversion.impl.DefaultConversionPropertiesProcessor.loadConversionProperties(DefaultConversionPropertiesProcessor.java:64)
	at com.opensymphony.xwork2.conversion.impl.DefaultConversionPropertiesProcessor.process(DefaultConversionPropertiesProcessor.java:40)
	at com.opensymphony.xwork2.conversion.impl.XWorkConverter.setConversionPropertiesProcessor(XWorkConverter.java:179)
	at sun.reflect.NativeMethodAccessorImpl.invoke0(Native Method)
	at sun.reflect.NativeMethodAccessorImpl.invoke(Unknown Source)
	at sun.reflect.DelegatingMethodAccessorImpl.invoke(Unknown Source)
	at java.lang.reflect.Method.invoke(Unknown Source)
	at com.opensymphony.xwork2.inject.ContainerImpl$MethodInjector.inject(ContainerImpl.java:299)
	at com.opensymphony.xwork2.inject.ContainerImpl$ConstructorInjector.construct(ContainerImpl.java:438)
	at com.opensymphony.xwork2.inject.ContainerBuilder$5.create(ContainerBuilder.java:207)
	at com.opensymphony.xwork2.inject.Scope$2$1.create(Scope.java:51)
	at com.opensymphony.xwork2.inject.ContainerImpl$ParameterInjector.inject(ContainerImpl.java:469)
	at com.opensymphony.xwork2.inject.ContainerImpl.getParameters(ContainerImpl.java:484)
	at com.opensymphony.xwork2.inject.ContainerImpl.access$000(ContainerImpl.java:34)
	at com.opensymphony.xwork2.inject.ContainerImpl$MethodInjector.inject(ContainerImpl.java:299)
	at com.opensymphony.xwork2.inject.ContainerImpl$ConstructorInjector.construct(ContainerImpl.java:438)
	at com.opensymphony.xwork2.inject.ContainerBuilder$5.create(ContainerBuilder.java:207)
	at com.opensymphony.xwork2.inject.Scope$2$1.create(Scope.java:51)
	at com.opensymphony.xwork2.inject.ContainerImpl$ParameterInjector.inject(ContainerImpl.java:469)
	at com.opensymphony.xwork2.inject.ContainerImpl.getParameters(ContainerImpl.java:484)
	at com.opensymphony.xwork2.inject.ContainerImpl.access$000(ContainerImpl.java:34)
	at com.opensymphony.xwork2.inject.ContainerImpl$MethodInjector.inject(ContainerImpl.java:299)
	at com.opensymphony.xwork2.inject.ContainerImpl$ConstructorInjector.construct(ContainerImpl.java:438)
	at com.opensymphony.xwork2.inject.ContainerBuilder$5.create(ContainerBuilder.java:207)
	at com.opensymphony.xwork2.inject.Scope$2$1.create(Scope.java:51)
	at com.opensymphony.xwork2.inject.ContainerImpl$ParameterInjector.inject(ContainerImpl.java:469)
	at com.opensymphony.xwork2.inject.ContainerImpl.getParameters(ContainerImpl.java:484)
	at com.opensymphony.xwork2.inject.ContainerImpl.access$000(ContainerImpl.java:34)
	at com.opensymphony.xwork2.inject.ContainerImpl$MethodInjector.inject(ContainerImpl.java:299)
	at com.opensymphony.xwork2.inject.ContainerImpl$ConstructorInjector.construct(ContainerImpl.java:438)
	at com.opensymphony.xwork2.inject.ContainerBuilder$5.create(ContainerBuilder.java:207)
	at com.opensymphony.xwork2.inject.Scope$2$1.create(Scope.java:51)
	at com.opensymphony.xwork2.inject.ContainerImpl$ParameterInjector.inject(ContainerImpl.java:469)
	at com.opensymphony.xwork2.inject.ContainerImpl.getParameters(ContainerImpl.java:484)
	at com.opensymphony.xwork2.inject.ContainerImpl.access$000(ContainerImpl.java:34)
	at com.opensymphony.xwork2.inject.ContainerImpl$MethodInjector.inject(ContainerImpl.java:299)
	at com.opensymphony.xwork2.inject.ContainerImpl$ConstructorInjector.construct(ContainerImpl.java:438)
	at com.opensymphony.xwork2.inject.ContainerBuilder$5.create(ContainerBuilder.java:207)
	at com.opensymphony.xwork2.inject.Scope$2$1.create(Scope.java:51)
	at com.opensymphony.xwork2.inject.ContainerBuilder$3.create(ContainerBuilder.java:93)
	at com.opensymphony.xwork2.inject.ContainerBuilder$7.call(ContainerBuilder.java:487)
	at com.opensymphony.xwork2.inject.ContainerBuilder$7.call(ContainerBuilder.java:484)
	at com.opensymphony.xwork2.inject.ContainerImpl.callInContext(ContainerImpl.java:584)
	at com.opensymphony.xwork2.inject.ContainerBuilder.create(ContainerBuilder.java:484)
	at com.opensymphony.xwork2.config.impl.DefaultConfiguration.createBootstrapContainer(DefaultConfiguration.java:340)
	at com.opensymphony.xwork2.config.impl.DefaultConfiguration.reloadContainer(DefaultConfiguration.java:229)
	at com.opensymphony.xwork2.config.ConfigurationManager.getConfiguration(ConfigurationManager.java:67)
	at org.apache.struts2.dispatcher.Dispatcher.init_PreloadConfiguration(Dispatcher.java:445)
	at org.apache.struts2.dispatcher.Dispatcher.init(Dispatcher.java:489)
	at org.apache.struts2.dispatcher.ng.InitOperations.initDispatcher(InitOperations.java:74)
	at org.apache.struts2.dispatcher.ng.filter.StrutsPrepareAndExecuteFilter.init(StrutsPrepareAndExecuteFilter.java:57)
	at org.apache.catalina.core.ApplicationFilterConfig.initFilter(ApplicationFilterConfig.java:279)
	at org.apache.catalina.core.ApplicationFilterConfig.getFilter(ApplicationFilterConfig.java:260)
	at org.apache.catalina.core.ApplicationFilterConfig.<init>(ApplicationFilterConfig.java:105)
	at org.apache.catalina.core.StandardContext.filterStart(StandardContext.java:4583)
	at org.apache.catalina.core.StandardContext.startInternal(StandardContext.java:5207)
	at org.apache.catalina.util.LifecycleBase.start(LifecycleBase.java:150)
	at org.apache.catalina.core.ContainerBase$StartChild.call(ContainerBase.java:1408)
	at org.apache.catalina.core.ContainerBase$StartChild.call(ContainerBase.java:1398)
	at java.util.concurrent.FutureTask.run(Unknown Source)
	at java.util.concurrent.ThreadPoolExecutor.runWorker(Unknown Source)
	at java.util.concurrent.ThreadPoolExecutor$Worker.run(Unknown Source)
	at java.lang.Thread.run(Unknown Source)
[localhost-startStop-1] 1621 2016-07-05 20:29:33,658 {com.opensymphony.xwork2.util.logging.commons.CommonsLogger.error(CommonsLogger.java:38)}:
    ERROR: com.opensymphony.xwork2.conversion.impl.DefaultConversionPropertiesProcessor  - Conversion registration error
java.lang.ClassNotFoundException: sso.struts2.converter.DateConverter
	at org.apache.catalina.loader.WebappClassLoaderBase.loadClass(WebappClassLoaderBase.java:1333)
	at org.apache.catalina.loader.WebappClassLoaderBase.loadClass(WebappClassLoaderBase.java:1167)
	at com.opensymphony.xwork2.util.ClassLoaderUtil.loadClass(ClassLoaderUtil.java:152)
	at com.opensymphony.xwork2.ObjectFactory.getClassInstance(ObjectFactory.java:128)
	at com.opensymphony.xwork2.spring.SpringObjectFactory.getClassInstance(SpringObjectFactory.java:233)
	at com.opensymphony.xwork2.spring.SpringObjectFactory.buildBean(SpringObjectFactory.java:153)
	at com.opensymphony.xwork2.ObjectFactory.buildBean(ObjectFactory.java:171)
	at com.opensymphony.xwork2.conversion.impl.DefaultTypeConverterCreator.createTypeConverter(DefaultTypeConverterCreator.java:23)
	at com.opensymphony.xwork2.conversion.impl.DefaultConversionPropertiesProcessor.loadConversionProperties(DefaultConversionPropertiesProcessor.java:64)
	at com.opensymphony.xwork2.conversion.impl.DefaultConversionPropertiesProcessor.process(DefaultConversionPropertiesProcessor.java:40)
	at com.opensymphony.xwork2.conversion.impl.XWorkConverter.setConversionPropertiesProcessor(XWorkConverter.java:179)
	at sun.reflect.NativeMethodAccessorImpl.invoke0(Native Method)
	at sun.reflect.NativeMethodAccessorImpl.invoke(Unknown Source)
	at sun.reflect.DelegatingMethodAccessorImpl.invoke(Unknown Source)
	at java.lang.reflect.Method.invoke(Unknown Source)
	at com.opensymphony.xwork2.inject.ContainerImpl$MethodInjector.inject(ContainerImpl.java:299)
	at com.opensymphony.xwork2.inject.ContainerImpl$ConstructorInjector.construct(ContainerImpl.java:438)
	at com.opensymphony.xwork2.inject.ContainerImpl.inject(ContainerImpl.java:499)
	at com.opensymphony.xwork2.inject.ContainerImpl$7.call(ContainerImpl.java:539)
	at com.opensymphony.xwork2.inject.ContainerImpl.callInContext(ContainerImpl.java:593)
	at com.opensymphony.xwork2.inject.ContainerImpl.inject(ContainerImpl.java:537)
	at com.opensymphony.xwork2.config.impl.LocatableFactory.create(LocatableFactory.java:32)
	at com.opensymphony.xwork2.inject.ContainerBuilder$4.create(ContainerBuilder.java:130)
	at com.opensymphony.xwork2.inject.Scope$2$1.create(Scope.java:51)
	at com.opensymphony.xwork2.inject.ContainerImpl$ParameterInjector.inject(ContainerImpl.java:469)
	at com.opensymphony.xwork2.inject.ContainerImpl.getParameters(ContainerImpl.java:484)
	at com.opensymphony.xwork2.inject.ContainerImpl.access$000(ContainerImpl.java:34)
	at com.opensymphony.xwork2.inject.ContainerImpl$MethodInjector.inject(ContainerImpl.java:299)
	at com.opensymphony.xwork2.inject.ContainerImpl$ConstructorInjector.construct(ContainerImpl.java:438)
	at com.opensymphony.xwork2.inject.ContainerImpl.inject(ContainerImpl.java:499)
	at com.opensymphony.xwork2.inject.ContainerImpl$7.call(ContainerImpl.java:539)
	at com.opensymphony.xwork2.inject.ContainerImpl.callInContext(ContainerImpl.java:593)
	at com.opensymphony.xwork2.inject.ContainerImpl.inject(ContainerImpl.java:537)
	at com.opensymphony.xwork2.config.impl.LocatableFactory.create(LocatableFactory.java:32)
	at com.opensymphony.xwork2.inject.ContainerBuilder$4.create(ContainerBuilder.java:130)
	at com.opensymphony.xwork2.inject.Scope$2$1.create(Scope.java:51)
	at com.opensymphony.xwork2.inject.ContainerImpl$ParameterInjector.inject(ContainerImpl.java:469)
	at com.opensymphony.xwork2.inject.ContainerImpl.getParameters(ContainerImpl.java:484)
	at com.opensymphony.xwork2.inject.ContainerImpl.access$000(ContainerImpl.java:34)
	at com.opensymphony.xwork2.inject.ContainerImpl$MethodInjector.inject(ContainerImpl.java:299)
	at com.opensymphony.xwork2.inject.ContainerImpl$ConstructorInjector.construct(ContainerImpl.java:438)
	at com.opensymphony.xwork2.inject.ContainerImpl.inject(ContainerImpl.java:499)
	at com.opensymphony.xwork2.inject.ContainerImpl$7.call(ContainerImpl.java:539)
	at com.opensymphony.xwork2.inject.ContainerImpl.callInContext(ContainerImpl.java:593)
	at com.opensymphony.xwork2.inject.ContainerImpl.inject(ContainerImpl.java:537)
	at com.opensymphony.xwork2.config.impl.LocatableFactory.create(LocatableFactory.java:32)
	at com.opensymphony.xwork2.inject.ContainerBuilder$4.create(ContainerBuilder.java:130)
	at com.opensymphony.xwork2.inject.Scope$2$1.create(Scope.java:51)
	at com.opensymphony.xwork2.inject.ContainerImpl$ParameterInjector.inject(ContainerImpl.java:469)
	at com.opensymphony.xwork2.inject.ContainerImpl.getParameters(ContainerImpl.java:484)
	at com.opensymphony.xwork2.inject.ContainerImpl.access$000(ContainerImpl.java:34)
	at com.opensymphony.xwork2.inject.ContainerImpl$MethodInjector.inject(ContainerImpl.java:299)
	at com.opensymphony.xwork2.inject.ContainerImpl$ConstructorInjector.construct(ContainerImpl.java:438)
	at com.opensymphony.xwork2.inject.ContainerImpl.inject(ContainerImpl.java:499)
	at com.opensymphony.xwork2.inject.ContainerImpl$7.call(ContainerImpl.java:539)
	at com.opensymphony.xwork2.inject.ContainerImpl.callInContext(ContainerImpl.java:593)
	at com.opensymphony.xwork2.inject.ContainerImpl.inject(ContainerImpl.java:537)
	at com.opensymphony.xwork2.config.impl.LocatableFactory.create(LocatableFactory.java:32)
	at com.opensymphony.xwork2.inject.ContainerBuilder$4.create(ContainerBuilder.java:130)
	at com.opensymphony.xwork2.inject.Scope$2$1.create(Scope.java:51)
	at com.opensymphony.xwork2.inject.ContainerImpl$ParameterInjector.inject(ContainerImpl.java:469)
	at com.opensymphony.xwork2.inject.ContainerImpl.getParameters(ContainerImpl.java:484)
	at com.opensymphony.xwork2.inject.ContainerImpl.access$000(ContainerImpl.java:34)
	at com.opensymphony.xwork2.inject.ContainerImpl$MethodInjector.inject(ContainerImpl.java:299)
	at com.opensymphony.xwork2.inject.ContainerImpl$ConstructorInjector.construct(ContainerImpl.java:438)
	at com.opensymphony.xwork2.inject.ContainerImpl.inject(ContainerImpl.java:499)
	at com.opensymphony.xwork2.inject.ContainerImpl$7.call(ContainerImpl.java:539)
	at com.opensymphony.xwork2.inject.ContainerImpl.callInContext(ContainerImpl.java:593)
	at com.opensymphony.xwork2.inject.ContainerImpl.inject(ContainerImpl.java:537)
	at com.opensymphony.xwork2.config.impl.LocatableFactory.create(LocatableFactory.java:32)
	at com.opensymphony.xwork2.inject.ContainerBuilder$4.create(ContainerBuilder.java:130)
	at com.opensymphony.xwork2.inject.Scope$2$1.create(Scope.java:51)
	at com.opensymphony.xwork2.inject.ContainerImpl.getInstance(ContainerImpl.java:514)
	at com.opensymphony.xwork2.inject.ContainerImpl.getInstance(ContainerImpl.java:524)
	at com.opensymphony.xwork2.inject.ContainerImpl$9.call(ContainerImpl.java:555)
	at com.opensymphony.xwork2.inject.ContainerImpl.callInContext(ContainerImpl.java:584)
	at com.opensymphony.xwork2.inject.ContainerImpl.getInstance(ContainerImpl.java:553)
	at com.opensymphony.xwork2.config.impl.DefaultConfiguration.reloadContainer(DefaultConfiguration.java:251)
	at com.opensymphony.xwork2.config.ConfigurationManager.getConfiguration(ConfigurationManager.java:67)
	at org.apache.struts2.dispatcher.Dispatcher.init_PreloadConfiguration(Dispatcher.java:445)
	at org.apache.struts2.dispatcher.Dispatcher.init(Dispatcher.java:489)
	at org.apache.struts2.dispatcher.ng.InitOperations.initDispatcher(InitOperations.java:74)
	at org.apache.struts2.dispatcher.ng.filter.StrutsPrepareAndExecuteFilter.init(StrutsPrepareAndExecuteFilter.java:57)
	at org.apache.catalina.core.ApplicationFilterConfig.initFilter(ApplicationFilterConfig.java:279)
	at org.apache.catalina.core.ApplicationFilterConfig.getFilter(ApplicationFilterConfig.java:260)
	at org.apache.catalina.core.ApplicationFilterConfig.<init>(ApplicationFilterConfig.java:105)
	at org.apache.catalina.core.StandardContext.filterStart(StandardContext.java:4583)
	at org.apache.catalina.core.StandardContext.startInternal(StandardContext.java:5207)
	at org.apache.catalina.util.LifecycleBase.start(LifecycleBase.java:150)
	at org.apache.catalina.core.ContainerBase$StartChild.call(ContainerBase.java:1408)
	at org.apache.catalina.core.ContainerBase$StartChild.call(ContainerBase.java:1398)
	at java.util.concurrent.FutureTask.run(Unknown Source)
	at java.util.concurrent.ThreadPoolExecutor.runWorker(Unknown Source)
	at java.util.concurrent.ThreadPoolExecutor$Worker.run(Unknown Source)
	at java.lang.Thread.run(Unknown Source)
[localhost-startStop-1] 1623 2016-07-05 20:29:33,660 {com.opensymphony.xwork2.util.logging.commons.CommonsLogger.error(CommonsLogger.java:38)}:
    ERROR: com.opensymphony.xwork2.conversion.impl.DefaultConversionPropertiesProcessor  - Conversion registration error
java.lang.ClassNotFoundException: sso.struts2.converter.IntConvert
	at org.apache.catalina.loader.WebappClassLoaderBase.loadClass(WebappClassLoaderBase.java:1333)
	at org.apache.catalina.loader.WebappClassLoaderBase.loadClass(WebappClassLoaderBase.java:1167)
	at com.opensymphony.xwork2.util.ClassLoaderUtil.loadClass(ClassLoaderUtil.java:152)
	at com.opensymphony.xwork2.ObjectFactory.getClassInstance(ObjectFactory.java:128)
	at com.opensymphony.xwork2.spring.SpringObjectFactory.getClassInstance(SpringObjectFactory.java:233)
	at com.opensymphony.xwork2.spring.SpringObjectFactory.buildBean(SpringObjectFactory.java:153)
	at com.opensymphony.xwork2.ObjectFactory.buildBean(ObjectFactory.java:171)
	at com.opensymphony.xwork2.conversion.impl.DefaultTypeConverterCreator.createTypeConverter(DefaultTypeConverterCreator.java:23)
	at com.opensymphony.xwork2.conversion.impl.DefaultConversionPropertiesProcessor.loadConversionProperties(DefaultConversionPropertiesProcessor.java:64)
	at com.opensymphony.xwork2.conversion.impl.DefaultConversionPropertiesProcessor.process(DefaultConversionPropertiesProcessor.java:40)
	at com.opensymphony.xwork2.conversion.impl.XWorkConverter.setConversionPropertiesProcessor(XWorkConverter.java:179)
	at sun.reflect.NativeMethodAccessorImpl.invoke0(Native Method)
	at sun.reflect.NativeMethodAccessorImpl.invoke(Unknown Source)
	at sun.reflect.DelegatingMethodAccessorImpl.invoke(Unknown Source)
	at java.lang.reflect.Method.invoke(Unknown Source)
	at com.opensymphony.xwork2.inject.ContainerImpl$MethodInjector.inject(ContainerImpl.java:299)
	at com.opensymphony.xwork2.inject.ContainerImpl$ConstructorInjector.construct(ContainerImpl.java:438)
	at com.opensymphony.xwork2.inject.ContainerImpl.inject(ContainerImpl.java:499)
	at com.opensymphony.xwork2.inject.ContainerImpl$7.call(ContainerImpl.java:539)
	at com.opensymphony.xwork2.inject.ContainerImpl.callInContext(ContainerImpl.java:593)
	at com.opensymphony.xwork2.inject.ContainerImpl.inject(ContainerImpl.java:537)
	at com.opensymphony.xwork2.config.impl.LocatableFactory.create(LocatableFactory.java:32)
	at com.opensymphony.xwork2.inject.ContainerBuilder$4.create(ContainerBuilder.java:130)
	at com.opensymphony.xwork2.inject.Scope$2$1.create(Scope.java:51)
	at com.opensymphony.xwork2.inject.ContainerImpl$ParameterInjector.inject(ContainerImpl.java:469)
	at com.opensymphony.xwork2.inject.ContainerImpl.getParameters(ContainerImpl.java:484)
	at com.opensymphony.xwork2.inject.ContainerImpl.access$000(ContainerImpl.java:34)
	at com.opensymphony.xwork2.inject.ContainerImpl$MethodInjector.inject(ContainerImpl.java:299)
	at com.opensymphony.xwork2.inject.ContainerImpl$ConstructorInjector.construct(ContainerImpl.java:438)
	at com.opensymphony.xwork2.inject.ContainerImpl.inject(ContainerImpl.java:499)
	at com.opensymphony.xwork2.inject.ContainerImpl$7.call(ContainerImpl.java:539)
	at com.opensymphony.xwork2.inject.ContainerImpl.callInContext(ContainerImpl.java:593)
	at com.opensymphony.xwork2.inject.ContainerImpl.inject(ContainerImpl.java:537)
	at com.opensymphony.xwork2.config.impl.LocatableFactory.create(LocatableFactory.java:32)
	at com.opensymphony.xwork2.inject.ContainerBuilder$4.create(ContainerBuilder.java:130)
	at com.opensymphony.xwork2.inject.Scope$2$1.create(Scope.java:51)
	at com.opensymphony.xwork2.inject.ContainerImpl$ParameterInjector.inject(ContainerImpl.java:469)
	at com.opensymphony.xwork2.inject.ContainerImpl.getParameters(ContainerImpl.java:484)
	at com.opensymphony.xwork2.inject.ContainerImpl.access$000(ContainerImpl.java:34)
	at com.opensymphony.xwork2.inject.ContainerImpl$MethodInjector.inject(ContainerImpl.java:299)
	at com.opensymphony.xwork2.inject.ContainerImpl$ConstructorInjector.construct(ContainerImpl.java:438)
	at com.opensymphony.xwork2.inject.ContainerImpl.inject(ContainerImpl.java:499)
	at com.opensymphony.xwork2.inject.ContainerImpl$7.call(ContainerImpl.java:539)
	at com.opensymphony.xwork2.inject.ContainerImpl.callInContext(ContainerImpl.java:593)
	at com.opensymphony.xwork2.inject.ContainerImpl.inject(ContainerImpl.java:537)
	at com.opensymphony.xwork2.config.impl.LocatableFactory.create(LocatableFactory.java:32)
	at com.opensymphony.xwork2.inject.ContainerBuilder$4.create(ContainerBuilder.java:130)
	at com.opensymphony.xwork2.inject.Scope$2$1.create(Scope.java:51)
	at com.opensymphony.xwork2.inject.ContainerImpl$ParameterInjector.inject(ContainerImpl.java:469)
	at com.opensymphony.xwork2.inject.ContainerImpl.getParameters(ContainerImpl.java:484)
	at com.opensymphony.xwork2.inject.ContainerImpl.access$000(ContainerImpl.java:34)
	at com.opensymphony.xwork2.inject.ContainerImpl$MethodInjector.inject(ContainerImpl.java:299)
	at com.opensymphony.xwork2.inject.ContainerImpl$ConstructorInjector.construct(ContainerImpl.java:438)
	at com.opensymphony.xwork2.inject.ContainerImpl.inject(ContainerImpl.java:499)
	at com.opensymphony.xwork2.inject.ContainerImpl$7.call(ContainerImpl.java:539)
	at com.opensymphony.xwork2.inject.ContainerImpl.callInContext(ContainerImpl.java:593)
	at com.opensymphony.xwork2.inject.ContainerImpl.inject(ContainerImpl.java:537)
	at com.opensymphony.xwork2.config.impl.LocatableFactory.create(LocatableFactory.java:32)
	at com.opensymphony.xwork2.inject.ContainerBuilder$4.create(ContainerBuilder.java:130)
	at com.opensymphony.xwork2.inject.Scope$2$1.create(Scope.java:51)
	at com.opensymphony.xwork2.inject.ContainerImpl$ParameterInjector.inject(ContainerImpl.java:469)
	at com.opensymphony.xwork2.inject.ContainerImpl.getParameters(ContainerImpl.java:484)
	at com.opensymphony.xwork2.inject.ContainerImpl.access$000(ContainerImpl.java:34)
	at com.opensymphony.xwork2.inject.ContainerImpl$MethodInjector.inject(ContainerImpl.java:299)
	at com.opensymphony.xwork2.inject.ContainerImpl$ConstructorInjector.construct(ContainerImpl.java:438)
	at com.opensymphony.xwork2.inject.ContainerImpl.inject(ContainerImpl.java:499)
	at com.opensymphony.xwork2.inject.ContainerImpl$7.call(ContainerImpl.java:539)
	at com.opensymphony.xwork2.inject.ContainerImpl.callInContext(ContainerImpl.java:593)
	at com.opensymphony.xwork2.inject.ContainerImpl.inject(ContainerImpl.java:537)
	at com.opensymphony.xwork2.config.impl.LocatableFactory.create(LocatableFactory.java:32)
	at com.opensymphony.xwork2.inject.ContainerBuilder$4.create(ContainerBuilder.java:130)
	at com.opensymphony.xwork2.inject.Scope$2$1.create(Scope.java:51)
	at com.opensymphony.xwork2.inject.ContainerImpl.getInstance(ContainerImpl.java:514)
	at com.opensymphony.xwork2.inject.ContainerImpl.getInstance(ContainerImpl.java:524)
	at com.opensymphony.xwork2.inject.ContainerImpl$9.call(ContainerImpl.java:555)
	at com.opensymphony.xwork2.inject.ContainerImpl.callInContext(ContainerImpl.java:584)
	at com.opensymphony.xwork2.inject.ContainerImpl.getInstance(ContainerImpl.java:553)
	at com.opensymphony.xwork2.config.impl.DefaultConfiguration.reloadContainer(DefaultConfiguration.java:251)
	at com.opensymphony.xwork2.config.ConfigurationManager.getConfiguration(ConfigurationManager.java:67)
	at org.apache.struts2.dispatcher.Dispatcher.init_PreloadConfiguration(Dispatcher.java:445)
	at org.apache.struts2.dispatcher.Dispatcher.init(Dispatcher.java:489)
	at org.apache.struts2.dispatcher.ng.InitOperations.initDispatcher(InitOperations.java:74)
	at org.apache.struts2.dispatcher.ng.filter.StrutsPrepareAndExecuteFilter.init(StrutsPrepareAndExecuteFilter.java:57)
	at org.apache.catalina.core.ApplicationFilterConfig.initFilter(ApplicationFilterConfig.java:279)
	at org.apache.catalina.core.ApplicationFilterConfig.getFilter(ApplicationFilterConfig.java:260)
	at org.apache.catalina.core.ApplicationFilterConfig.<init>(ApplicationFilterConfig.java:105)
	at org.apache.catalina.core.StandardContext.filterStart(StandardContext.java:4583)
	at org.apache.catalina.core.StandardContext.startInternal(StandardContext.java:5207)
	at org.apache.catalina.util.LifecycleBase.start(LifecycleBase.java:150)
	at org.apache.catalina.core.ContainerBase$StartChild.call(ContainerBase.java:1408)
	at org.apache.catalina.core.ContainerBase$StartChild.call(ContainerBase.java:1398)
	at java.util.concurrent.FutureTask.run(Unknown Source)
	at java.util.concurrent.ThreadPoolExecutor.runWorker(Unknown Source)
	at java.util.concurrent.ThreadPoolExecutor$Worker.run(Unknown Source)
	at java.lang.Thread.run(Unknown Source)
[localhost-startStop-1] 1282 2016-07-05 23:05:23,411 {com.opensymphony.xwork2.util.logging.commons.CommonsLogger.error(CommonsLogger.java:38)}:
    ERROR: com.opensymphony.xwork2.conversion.impl.DefaultConversionPropertiesProcessor  - Conversion registration error
java.lang.ClassNotFoundException: sso.struts2.converter.DateConverter
	at org.apache.catalina.loader.WebappClassLoaderBase.loadClass(WebappClassLoaderBase.java:1333)
	at org.apache.catalina.loader.WebappClassLoaderBase.loadClass(WebappClassLoaderBase.java:1167)
	at com.opensymphony.xwork2.util.ClassLoaderUtil.loadClass(ClassLoaderUtil.java:152)
	at com.opensymphony.xwork2.ObjectFactory.getClassInstance(ObjectFactory.java:128)
	at com.opensymphony.xwork2.ObjectFactory.buildBean(ObjectFactory.java:181)
	at com.opensymphony.xwork2.ObjectFactory.buildBean(ObjectFactory.java:171)
	at com.opensymphony.xwork2.conversion.impl.DefaultTypeConverterCreator.createTypeConverter(DefaultTypeConverterCreator.java:23)
	at com.opensymphony.xwork2.conversion.impl.DefaultConversionPropertiesProcessor.loadConversionProperties(DefaultConversionPropertiesProcessor.java:64)
	at com.opensymphony.xwork2.conversion.impl.DefaultConversionPropertiesProcessor.process(DefaultConversionPropertiesProcessor.java:40)
	at com.opensymphony.xwork2.conversion.impl.XWorkConverter.setConversionPropertiesProcessor(XWorkConverter.java:179)
	at sun.reflect.NativeMethodAccessorImpl.invoke0(Native Method)
	at sun.reflect.NativeMethodAccessorImpl.invoke(Unknown Source)
	at sun.reflect.DelegatingMethodAccessorImpl.invoke(Unknown Source)
	at java.lang.reflect.Method.invoke(Unknown Source)
	at com.opensymphony.xwork2.inject.ContainerImpl$MethodInjector.inject(ContainerImpl.java:299)
	at com.opensymphony.xwork2.inject.ContainerImpl$ConstructorInjector.construct(ContainerImpl.java:438)
	at com.opensymphony.xwork2.inject.ContainerBuilder$5.create(ContainerBuilder.java:207)
	at com.opensymphony.xwork2.inject.Scope$2$1.create(Scope.java:51)
	at com.opensymphony.xwork2.inject.ContainerImpl$ParameterInjector.inject(ContainerImpl.java:469)
	at com.opensymphony.xwork2.inject.ContainerImpl.getParameters(ContainerImpl.java:484)
	at com.opensymphony.xwork2.inject.ContainerImpl.access$000(ContainerImpl.java:34)
	at com.opensymphony.xwork2.inject.ContainerImpl$MethodInjector.inject(ContainerImpl.java:299)
	at com.opensymphony.xwork2.inject.ContainerImpl$ConstructorInjector.construct(ContainerImpl.java:438)
	at com.opensymphony.xwork2.inject.ContainerBuilder$5.create(ContainerBuilder.java:207)
	at com.opensymphony.xwork2.inject.Scope$2$1.create(Scope.java:51)
	at com.opensymphony.xwork2.inject.ContainerImpl$ParameterInjector.inject(ContainerImpl.java:469)
	at com.opensymphony.xwork2.inject.ContainerImpl.getParameters(ContainerImpl.java:484)
	at com.opensymphony.xwork2.inject.ContainerImpl.access$000(ContainerImpl.java:34)
	at com.opensymphony.xwork2.inject.ContainerImpl$MethodInjector.inject(ContainerImpl.java:299)
	at com.opensymphony.xwork2.inject.ContainerImpl$ConstructorInjector.construct(ContainerImpl.java:438)
	at com.opensymphony.xwork2.inject.ContainerBuilder$5.create(ContainerBuilder.java:207)
	at com.opensymphony.xwork2.inject.Scope$2$1.create(Scope.java:51)
	at com.opensymphony.xwork2.inject.ContainerImpl$ParameterInjector.inject(ContainerImpl.java:469)
	at com.opensymphony.xwork2.inject.ContainerImpl.getParameters(ContainerImpl.java:484)
	at com.opensymphony.xwork2.inject.ContainerImpl.access$000(ContainerImpl.java:34)
	at com.opensymphony.xwork2.inject.ContainerImpl$MethodInjector.inject(ContainerImpl.java:299)
	at com.opensymphony.xwork2.inject.ContainerImpl$ConstructorInjector.construct(ContainerImpl.java:438)
	at com.opensymphony.xwork2.inject.ContainerBuilder$5.create(ContainerBuilder.java:207)
	at com.opensymphony.xwork2.inject.Scope$2$1.create(Scope.java:51)
	at com.opensymphony.xwork2.inject.ContainerImpl$ParameterInjector.inject(ContainerImpl.java:469)
	at com.opensymphony.xwork2.inject.ContainerImpl.getParameters(ContainerImpl.java:484)
	at com.opensymphony.xwork2.inject.ContainerImpl.access$000(ContainerImpl.java:34)
	at com.opensymphony.xwork2.inject.ContainerImpl$MethodInjector.inject(ContainerImpl.java:299)
	at com.opensymphony.xwork2.inject.ContainerImpl$ConstructorInjector.construct(ContainerImpl.java:438)
	at com.opensymphony.xwork2.inject.ContainerBuilder$5.create(ContainerBuilder.java:207)
	at com.opensymphony.xwork2.inject.Scope$2$1.create(Scope.java:51)
	at com.opensymphony.xwork2.inject.ContainerBuilder$3.create(ContainerBuilder.java:93)
	at com.opensymphony.xwork2.inject.ContainerBuilder$7.call(ContainerBuilder.java:487)
	at com.opensymphony.xwork2.inject.ContainerBuilder$7.call(ContainerBuilder.java:484)
	at com.opensymphony.xwork2.inject.ContainerImpl.callInContext(ContainerImpl.java:584)
	at com.opensymphony.xwork2.inject.ContainerBuilder.create(ContainerBuilder.java:484)
	at com.opensymphony.xwork2.config.impl.DefaultConfiguration.createBootstrapContainer(DefaultConfiguration.java:340)
	at com.opensymphony.xwork2.config.impl.DefaultConfiguration.reloadContainer(DefaultConfiguration.java:229)
	at com.opensymphony.xwork2.config.ConfigurationManager.getConfiguration(ConfigurationManager.java:67)
	at org.apache.struts2.dispatcher.Dispatcher.init_PreloadConfiguration(Dispatcher.java:445)
	at org.apache.struts2.dispatcher.Dispatcher.init(Dispatcher.java:489)
	at org.apache.struts2.dispatcher.ng.InitOperations.initDispatcher(InitOperations.java:74)
	at org.apache.struts2.dispatcher.ng.filter.StrutsPrepareAndExecuteFilter.init(StrutsPrepareAndExecuteFilter.java:57)
	at org.apache.catalina.core.ApplicationFilterConfig.initFilter(ApplicationFilterConfig.java:279)
	at org.apache.catalina.core.ApplicationFilterConfig.getFilter(ApplicationFilterConfig.java:260)
	at org.apache.catalina.core.ApplicationFilterConfig.<init>(ApplicationFilterConfig.java:105)
	at org.apache.catalina.core.StandardContext.filterStart(StandardContext.java:4583)
	at org.apache.catalina.core.StandardContext.startInternal(StandardContext.java:5207)
	at org.apache.catalina.util.LifecycleBase.start(LifecycleBase.java:150)
	at org.apache.catalina.core.ContainerBase$StartChild.call(ContainerBase.java:1408)
	at org.apache.catalina.core.ContainerBase$StartChild.call(ContainerBase.java:1398)
	at java.util.concurrent.FutureTask.run(Unknown Source)
	at java.util.concurrent.ThreadPoolExecutor.runWorker(Unknown Source)
	at java.util.concurrent.ThreadPoolExecutor$Worker.run(Unknown Source)
	at java.lang.Thread.run(Unknown Source)
[localhost-startStop-1] 1298 2016-07-05 23:05:23,427 {com.opensymphony.xwork2.util.logging.commons.CommonsLogger.error(CommonsLogger.java:38)}:
    ERROR: com.opensymphony.xwork2.conversion.impl.DefaultConversionPropertiesProcessor  - Conversion registration error
java.lang.ClassNotFoundException: sso.struts2.converter.IntConvert
	at org.apache.catalina.loader.WebappClassLoaderBase.loadClass(WebappClassLoaderBase.java:1333)
	at org.apache.catalina.loader.WebappClassLoaderBase.loadClass(WebappClassLoaderBase.java:1167)
	at com.opensymphony.xwork2.util.ClassLoaderUtil.loadClass(ClassLoaderUtil.java:152)
	at com.opensymphony.xwork2.ObjectFactory.getClassInstance(ObjectFactory.java:128)
	at com.opensymphony.xwork2.ObjectFactory.buildBean(ObjectFactory.java:181)
	at com.opensymphony.xwork2.ObjectFactory.buildBean(ObjectFactory.java:171)
	at com.opensymphony.xwork2.conversion.impl.DefaultTypeConverterCreator.createTypeConverter(DefaultTypeConverterCreator.java:23)
	at com.opensymphony.xwork2.conversion.impl.DefaultConversionPropertiesProcessor.loadConversionProperties(DefaultConversionPropertiesProcessor.java:64)
	at com.opensymphony.xwork2.conversion.impl.DefaultConversionPropertiesProcessor.process(DefaultConversionPropertiesProcessor.java:40)
	at com.opensymphony.xwork2.conversion.impl.XWorkConverter.setConversionPropertiesProcessor(XWorkConverter.java:179)
	at sun.reflect.NativeMethodAccessorImpl.invoke0(Native Method)
	at sun.reflect.NativeMethodAccessorImpl.invoke(Unknown Source)
	at sun.reflect.DelegatingMethodAccessorImpl.invoke(Unknown Source)
	at java.lang.reflect.Method.invoke(Unknown Source)
	at com.opensymphony.xwork2.inject.ContainerImpl$MethodInjector.inject(ContainerImpl.java:299)
	at com.opensymphony.xwork2.inject.ContainerImpl$ConstructorInjector.construct(ContainerImpl.java:438)
	at com.opensymphony.xwork2.inject.ContainerBuilder$5.create(ContainerBuilder.java:207)
	at com.opensymphony.xwork2.inject.Scope$2$1.create(Scope.java:51)
	at com.opensymphony.xwork2.inject.ContainerImpl$ParameterInjector.inject(ContainerImpl.java:469)
	at com.opensymphony.xwork2.inject.ContainerImpl.getParameters(ContainerImpl.java:484)
	at com.opensymphony.xwork2.inject.ContainerImpl.access$000(ContainerImpl.java:34)
	at com.opensymphony.xwork2.inject.ContainerImpl$MethodInjector.inject(ContainerImpl.java:299)
	at com.opensymphony.xwork2.inject.ContainerImpl$ConstructorInjector.construct(ContainerImpl.java:438)
	at com.opensymphony.xwork2.inject.ContainerBuilder$5.create(ContainerBuilder.java:207)
	at com.opensymphony.xwork2.inject.Scope$2$1.create(Scope.java:51)
	at com.opensymphony.xwork2.inject.ContainerImpl$ParameterInjector.inject(ContainerImpl.java:469)
	at com.opensymphony.xwork2.inject.ContainerImpl.getParameters(ContainerImpl.java:484)
	at com.opensymphony.xwork2.inject.ContainerImpl.access$000(ContainerImpl.java:34)
	at com.opensymphony.xwork2.inject.ContainerImpl$MethodInjector.inject(ContainerImpl.java:299)
	at com.opensymphony.xwork2.inject.ContainerImpl$ConstructorInjector.construct(ContainerImpl.java:438)
	at com.opensymphony.xwork2.inject.ContainerBuilder$5.create(ContainerBuilder.java:207)
	at com.opensymphony.xwork2.inject.Scope$2$1.create(Scope.java:51)
	at com.opensymphony.xwork2.inject.ContainerImpl$ParameterInjector.inject(ContainerImpl.java:469)
	at com.opensymphony.xwork2.inject.ContainerImpl.getParameters(ContainerImpl.java:484)
	at com.opensymphony.xwork2.inject.ContainerImpl.access$000(ContainerImpl.java:34)
	at com.opensymphony.xwork2.inject.ContainerImpl$MethodInjector.inject(ContainerImpl.java:299)
	at com.opensymphony.xwork2.inject.ContainerImpl$ConstructorInjector.construct(ContainerImpl.java:438)
	at com.opensymphony.xwork2.inject.ContainerBuilder$5.create(ContainerBuilder.java:207)
	at com.opensymphony.xwork2.inject.Scope$2$1.create(Scope.java:51)
	at com.opensymphony.xwork2.inject.ContainerImpl$ParameterInjector.inject(ContainerImpl.java:469)
	at com.opensymphony.xwork2.inject.ContainerImpl.getParameters(ContainerImpl.java:484)
	at com.opensymphony.xwork2.inject.ContainerImpl.access$000(ContainerImpl.java:34)
	at com.opensymphony.xwork2.inject.ContainerImpl$MethodInjector.inject(ContainerImpl.java:299)
	at com.opensymphony.xwork2.inject.ContainerImpl$ConstructorInjector.construct(ContainerImpl.java:438)
	at com.opensymphony.xwork2.inject.ContainerBuilder$5.create(ContainerBuilder.java:207)
	at com.opensymphony.xwork2.inject.Scope$2$1.create(Scope.java:51)
	at com.opensymphony.xwork2.inject.ContainerBuilder$3.create(ContainerBuilder.java:93)
	at com.opensymphony.xwork2.inject.ContainerBuilder$7.call(ContainerBuilder.java:487)
	at com.opensymphony.xwork2.inject.ContainerBuilder$7.call(ContainerBuilder.java:484)
	at com.opensymphony.xwork2.inject.ContainerImpl.callInContext(ContainerImpl.java:584)
	at com.opensymphony.xwork2.inject.ContainerBuilder.create(ContainerBuilder.java:484)
	at com.opensymphony.xwork2.config.impl.DefaultConfiguration.createBootstrapContainer(DefaultConfiguration.java:340)
	at com.opensymphony.xwork2.config.impl.DefaultConfiguration.reloadContainer(DefaultConfiguration.java:229)
	at com.opensymphony.xwork2.config.ConfigurationManager.getConfiguration(ConfigurationManager.java:67)
	at org.apache.struts2.dispatcher.Dispatcher.init_PreloadConfiguration(Dispatcher.java:445)
	at org.apache.struts2.dispatcher.Dispatcher.init(Dispatcher.java:489)
	at org.apache.struts2.dispatcher.ng.InitOperations.initDispatcher(InitOperations.java:74)
	at org.apache.struts2.dispatcher.ng.filter.StrutsPrepareAndExecuteFilter.init(StrutsPrepareAndExecuteFilter.java:57)
	at org.apache.catalina.core.ApplicationFilterConfig.initFilter(ApplicationFilterConfig.java:279)
	at org.apache.catalina.core.ApplicationFilterConfig.getFilter(ApplicationFilterConfig.java:260)
	at org.apache.catalina.core.ApplicationFilterConfig.<init>(ApplicationFilterConfig.java:105)
	at org.apache.catalina.core.StandardContext.filterStart(StandardContext.java:4583)
	at org.apache.catalina.core.StandardContext.startInternal(StandardContext.java:5207)
	at org.apache.catalina.util.LifecycleBase.start(LifecycleBase.java:150)
	at org.apache.catalina.core.ContainerBase$StartChild.call(ContainerBase.java:1408)
	at org.apache.catalina.core.ContainerBase$StartChild.call(ContainerBase.java:1398)
	at java.util.concurrent.FutureTask.run(Unknown Source)
	at java.util.concurrent.ThreadPoolExecutor.runWorker(Unknown Source)
	at java.util.concurrent.ThreadPoolExecutor$Worker.run(Unknown Source)
	at java.lang.Thread.run(Unknown Source)
